<?xml version="1.0" encoding="UTF-8"?>
<!-- Generated by org.testng.reporters.JUnitReportReporter -->
<testsuite hostname="jokin" name="aboutRestAssured.HxAppTest" tests="1" failures="0" timestamp="22 May 2018 07:21:01 GMT" time="4.060" errors="0">
  <testcase name="testDecoration" time="4.060" classname="aboutRestAssured.HxAppTest"/>
</testsuite> <!-- aboutRestAssured.HxAppTest -->
