<?xml version="1.0" encoding="UTF-8"?>
<!-- Generated by org.testng.reporters.JUnitReportReporter -->
<testsuite hostname="jokin" name="testCase.GetBookingDetailNonDriectionTest" tests="12" failures="0" timestamp="30 May 2018 05:30:55 GMT" time="7.196" errors="0">
  <testcase name="getBookingDetailNonDirection" time="0.285" classname="testCase.GetBookingDetailNonDriectionTest"/>
  <testcase name="getBookingDetailNonDirection" time="0.606" classname="testCase.GetBookingDetailNonDriectionTest"/>
  <testcase name="getBookingDetailNonDirection" time="0.360" classname="testCase.GetBookingDetailNonDriectionTest"/>
  <testcase name="getBookingDetailNonDirection" time="0.252" classname="testCase.GetBookingDetailNonDriectionTest"/>
  <testcase name="getBookingDetailNonDirection" time="0.323" classname="testCase.GetBookingDetailNonDriectionTest"/>
  <testcase name="getBookingDetailNonDirection" time="0.908" classname="testCase.GetBookingDetailNonDriectionTest"/>
  <testcase name="getBookingDetailNonDirection" time="0.929" classname="testCase.GetBookingDetailNonDriectionTest"/>
  <testcase name="getBookingDetailNonDirection" time="0.912" classname="testCase.GetBookingDetailNonDriectionTest"/>
  <testcase name="getBookingDetailNonDirection" time="0.251" classname="testCase.GetBookingDetailNonDriectionTest"/>
  <testcase name="getBookingDetailNonDirection" time="0.336" classname="testCase.GetBookingDetailNonDriectionTest"/>
  <testcase name="getBookingDetailNonDirection" time="1.019" classname="testCase.GetBookingDetailNonDriectionTest"/>
  <testcase name="getBookingDetailNonDirection" time="1.015" classname="testCase.GetBookingDetailNonDriectionTest"/>
</testsuite> <!-- testCase.GetBookingDetailNonDriectionTest -->
