<?xml version="1.0" encoding="UTF-8"?>
<!-- Generated by org.testng.reporters.JUnitReportReporter -->
<testsuite hostname="jokin" name="aboutRestAssured.HxAppTest" tests="1" failures="0" timestamp="1 Jun 2018 05:24:25 GMT" time="3.596" errors="0">
  <testcase name="testDecoration" time="3.596" classname="aboutRestAssured.HxAppTest"/>
</testsuite> <!-- aboutRestAssured.HxAppTest -->
